[0.911s] Invoking command in '/Users/jakobc/Documents/GitHub/Drone/Software/ros2_ws/src/quadcopter_v1': CONDA_PROMPT_MODIFIER=(ros_env) PYTHONPATH=/Users/jakobc/Documents/GitHub/Drone/Software/ros2_ws/src/quadcopter_v1/build/quadcopter_v1/prefix_override:/Users/jakobc/miniforge3/envs/ros_env/lib/python3.11/site-packages/colcon_core/task/python/colcon_distutils_commands:/Users/jakobc/Documents/GitHub/Drone/Software/ros2_ws/src/quadcopter_v1/install/quadcopter_v1/lib/python3.11/site-packages:${PYTHONPATH} SHLVL=2 _=/Users/jakobc/miniforge3/envs/ros_env/bin/env /Users/jakobc/miniforge3/envs/ros_env/bin/python3.11 -W ignore:setup.py install is deprecated setup.py egg_info --egg-base build/quadcopter_v1 build --build-base /Users/jakobc/Documents/GitHub/Drone/Software/ros2_ws/src/quadcopter_v1/build/quadcopter_v1/build install --record /Users/jakobc/Documents/GitHub/Drone/Software/ros2_ws/src/quadcopter_v1/build/quadcopter_v1/install.log --single-version-externally-managed install_data
[1.186s] running egg_info
[1.201s] creating build/quadcopter_v1/quadcopter_v1.egg-info
[1.202s] writing build/quadcopter_v1/quadcopter_v1.egg-info/PKG-INFO
[1.202s] writing dependency_links to build/quadcopter_v1/quadcopter_v1.egg-info/dependency_links.txt
[1.202s] writing entry points to build/quadcopter_v1/quadcopter_v1.egg-info/entry_points.txt
[1.203s] writing requirements to build/quadcopter_v1/quadcopter_v1.egg-info/requires.txt
[1.203s] writing top-level names to build/quadcopter_v1/quadcopter_v1.egg-info/top_level.txt
[1.203s] writing manifest file 'build/quadcopter_v1/quadcopter_v1.egg-info/SOURCES.txt'
[1.234s] reading manifest file 'build/quadcopter_v1/quadcopter_v1.egg-info/SOURCES.txt'
[1.235s] writing manifest file 'build/quadcopter_v1/quadcopter_v1.egg-info/SOURCES.txt'
[1.235s] running build
[1.235s] running build_py
[1.235s] creating /Users/jakobc/Documents/GitHub/Drone/Software/ros2_ws/src/quadcopter_v1/build/quadcopter_v1/build/lib/quadcopter_v1
[1.235s] copying quadcopter_v1/control.py -> /Users/jakobc/Documents/GitHub/Drone/Software/ros2_ws/src/quadcopter_v1/build/quadcopter_v1/build/lib/quadcopter_v1
[1.236s] copying quadcopter_v1/sensor_reader.py -> /Users/jakobc/Documents/GitHub/Drone/Software/ros2_ws/src/quadcopter_v1/build/quadcopter_v1/build/lib/quadcopter_v1
[1.236s] copying quadcopter_v1/__init__.py -> /Users/jakobc/Documents/GitHub/Drone/Software/ros2_ws/src/quadcopter_v1/build/quadcopter_v1/build/lib/quadcopter_v1
[1.236s] copying quadcopter_v1/sensor_debug.py -> /Users/jakobc/Documents/GitHub/Drone/Software/ros2_ws/src/quadcopter_v1/build/quadcopter_v1/build/lib/quadcopter_v1
[1.237s] running install
[1.242s] running install_lib
[1.259s] creating /Users/jakobc/Documents/GitHub/Drone/Software/ros2_ws/src/quadcopter_v1/install/quadcopter_v1/lib/python3.11/site-packages/quadcopter_v1
[1.259s] copying /Users/jakobc/Documents/GitHub/Drone/Software/ros2_ws/src/quadcopter_v1/build/quadcopter_v1/build/lib/quadcopter_v1/control.py -> /Users/jakobc/Documents/GitHub/Drone/Software/ros2_ws/src/quadcopter_v1/install/quadcopter_v1/lib/python3.11/site-packages/quadcopter_v1
[1.260s] copying /Users/jakobc/Documents/GitHub/Drone/Software/ros2_ws/src/quadcopter_v1/build/quadcopter_v1/build/lib/quadcopter_v1/sensor_reader.py -> /Users/jakobc/Documents/GitHub/Drone/Software/ros2_ws/src/quadcopter_v1/install/quadcopter_v1/lib/python3.11/site-packages/quadcopter_v1
[1.260s] copying /Users/jakobc/Documents/GitHub/Drone/Software/ros2_ws/src/quadcopter_v1/build/quadcopter_v1/build/lib/quadcopter_v1/__init__.py -> /Users/jakobc/Documents/GitHub/Drone/Software/ros2_ws/src/quadcopter_v1/install/quadcopter_v1/lib/python3.11/site-packages/quadcopter_v1
[1.260s] copying /Users/jakobc/Documents/GitHub/Drone/Software/ros2_ws/src/quadcopter_v1/build/quadcopter_v1/build/lib/quadcopter_v1/sensor_debug.py -> /Users/jakobc/Documents/GitHub/Drone/Software/ros2_ws/src/quadcopter_v1/install/quadcopter_v1/lib/python3.11/site-packages/quadcopter_v1
[1.261s] byte-compiling /Users/jakobc/Documents/GitHub/Drone/Software/ros2_ws/src/quadcopter_v1/install/quadcopter_v1/lib/python3.11/site-packages/quadcopter_v1/control.py to control.cpython-311.pyc
[1.262s] byte-compiling /Users/jakobc/Documents/GitHub/Drone/Software/ros2_ws/src/quadcopter_v1/install/quadcopter_v1/lib/python3.11/site-packages/quadcopter_v1/sensor_reader.py to sensor_reader.cpython-311.pyc
[1.263s] byte-compiling /Users/jakobc/Documents/GitHub/Drone/Software/ros2_ws/src/quadcopter_v1/install/quadcopter_v1/lib/python3.11/site-packages/quadcopter_v1/__init__.py to __init__.cpython-311.pyc
[1.263s] byte-compiling /Users/jakobc/Documents/GitHub/Drone/Software/ros2_ws/src/quadcopter_v1/install/quadcopter_v1/lib/python3.11/site-packages/quadcopter_v1/sensor_debug.py to sensor_debug.cpython-311.pyc
[1.264s] running install_data
[1.264s] creating /Users/jakobc/Documents/GitHub/Drone/Software/ros2_ws/src/quadcopter_v1/install/quadcopter_v1/share/ament_index/resource_index/packages
[1.265s] copying resource/quadcopter_v1 -> /Users/jakobc/Documents/GitHub/Drone/Software/ros2_ws/src/quadcopter_v1/install/quadcopter_v1/share/ament_index/resource_index/packages
[1.265s] copying package.xml -> /Users/jakobc/Documents/GitHub/Drone/Software/ros2_ws/src/quadcopter_v1/install/quadcopter_v1/share/quadcopter_v1
[1.266s] creating /Users/jakobc/Documents/GitHub/Drone/Software/ros2_ws/src/quadcopter_v1/install/quadcopter_v1/share/quadcopter_v1/models
[1.266s] copying models/quadcopter_with_camera.sdf -> /Users/jakobc/Documents/GitHub/Drone/Software/ros2_ws/src/quadcopter_v1/install/quadcopter_v1/share/quadcopter_v1/models
[1.267s] creating /Users/jakobc/Documents/GitHub/Drone/Software/ros2_ws/src/quadcopter_v1/install/quadcopter_v1/share/quadcopter_v1/launch
[1.267s] copying launch/launch.py -> /Users/jakobc/Documents/GitHub/Drone/Software/ros2_ws/src/quadcopter_v1/install/quadcopter_v1/share/quadcopter_v1/launch
[1.267s] running install_egg_info
[1.288s] Copying build/quadcopter_v1/quadcopter_v1.egg-info to /Users/jakobc/Documents/GitHub/Drone/Software/ros2_ws/src/quadcopter_v1/install/quadcopter_v1/lib/python3.11/site-packages/quadcopter_v1-0.0.0-py3.11.egg-info
[1.292s] running install_scripts
[1.427s] Installing control script to /Users/jakobc/Documents/GitHub/Drone/Software/ros2_ws/src/quadcopter_v1/install/quadcopter_v1/lib/quadcopter_V1
[1.427s] Installing sensor_reader script to /Users/jakobc/Documents/GitHub/Drone/Software/ros2_ws/src/quadcopter_v1/install/quadcopter_v1/lib/quadcopter_V1
[1.428s] writing list of installed files to '/Users/jakobc/Documents/GitHub/Drone/Software/ros2_ws/src/quadcopter_v1/build/quadcopter_v1/install.log'
[1.461s] Invoked command in '/Users/jakobc/Documents/GitHub/Drone/Software/ros2_ws/src/quadcopter_v1' returned '0': CONDA_PROMPT_MODIFIER=(ros_env) PYTHONPATH=/Users/jakobc/Documents/GitHub/Drone/Software/ros2_ws/src/quadcopter_v1/build/quadcopter_v1/prefix_override:/Users/jakobc/miniforge3/envs/ros_env/lib/python3.11/site-packages/colcon_core/task/python/colcon_distutils_commands:/Users/jakobc/Documents/GitHub/Drone/Software/ros2_ws/src/quadcopter_v1/install/quadcopter_v1/lib/python3.11/site-packages:${PYTHONPATH} SHLVL=2 _=/Users/jakobc/miniforge3/envs/ros_env/bin/env /Users/jakobc/miniforge3/envs/ros_env/bin/python3.11 -W ignore:setup.py install is deprecated setup.py egg_info --egg-base build/quadcopter_v1 build --build-base /Users/jakobc/Documents/GitHub/Drone/Software/ros2_ws/src/quadcopter_v1/build/quadcopter_v1/build install --record /Users/jakobc/Documents/GitHub/Drone/Software/ros2_ws/src/quadcopter_v1/build/quadcopter_v1/install.log --single-version-externally-managed install_data
