[0.841s] Invoking command in '/Users/jakobc/Documents/GitHub/Drone/Software/ros2_ws/src/quadcopter_v1': CONDA_PROMPT_MODIFIER=(ros_env) PYTHONPATH=/Users/jakobc/Documents/GitHub/Drone/Software/ros2_ws/build/quadcopter_v1/prefix_override:/Users/jakobc/miniforge3/envs/ros_env/lib/python3.11/site-packages/colcon_core/task/python/colcon_distutils_commands:/Users/jakobc/Documents/GitHub/Drone/Software/ros2_ws/install/quadcopter_v1/lib/python3.11/site-packages:${PYTHONPATH} SHLVL=2 _=/Users/jakobc/miniforge3/envs/ros_env/bin/env /Users/jakobc/miniforge3/envs/ros_env/bin/python3.11 -W ignore:setup.py install is deprecated setup.py egg_info --egg-base ../../build/quadcopter_v1 build --build-base /Users/jakobc/Documents/GitHub/Drone/Software/ros2_ws/build/quadcopter_v1/build install --record /Users/jakobc/Documents/GitHub/Drone/Software/ros2_ws/build/quadcopter_v1/install.log --single-version-externally-managed install_data
[1.258s] running egg_info
[1.279s] writing ../../build/quadcopter_v1/quadcopter_v1.egg-info/PKG-INFO
[1.280s] writing dependency_links to ../../build/quadcopter_v1/quadcopter_v1.egg-info/dependency_links.txt
[1.280s] writing entry points to ../../build/quadcopter_v1/quadcopter_v1.egg-info/entry_points.txt
[1.281s] writing requirements to ../../build/quadcopter_v1/quadcopter_v1.egg-info/requires.txt
[1.281s] writing top-level names to ../../build/quadcopter_v1/quadcopter_v1.egg-info/top_level.txt
[1.316s] reading manifest file '../../build/quadcopter_v1/quadcopter_v1.egg-info/SOURCES.txt'
[1.317s] writing manifest file '../../build/quadcopter_v1/quadcopter_v1.egg-info/SOURCES.txt'
[1.318s] running build
[1.318s] running build_py
[1.318s] copying quadcopter_v1/sensor_reader.py -> /Users/jakobc/Documents/GitHub/Drone/Software/ros2_ws/build/quadcopter_v1/build/lib/quadcopter_v1
[1.319s] copying quadcopter_v1/__init__.py -> /Users/jakobc/Documents/GitHub/Drone/Software/ros2_ws/build/quadcopter_v1/build/lib/quadcopter_v1
[1.319s] copying quadcopter_v1/sensor_debug.py -> /Users/jakobc/Documents/GitHub/Drone/Software/ros2_ws/build/quadcopter_v1/build/lib/quadcopter_v1
[1.320s] running install
[1.325s] running install_lib
[1.342s] copying /Users/jakobc/Documents/GitHub/Drone/Software/ros2_ws/build/quadcopter_v1/build/lib/quadcopter_v1/sensor_reader.py -> /Users/jakobc/Documents/GitHub/Drone/Software/ros2_ws/install/quadcopter_v1/lib/python3.11/site-packages/quadcopter_v1
[1.343s] copying /Users/jakobc/Documents/GitHub/Drone/Software/ros2_ws/build/quadcopter_v1/build/lib/quadcopter_v1/sensor_debug.py -> /Users/jakobc/Documents/GitHub/Drone/Software/ros2_ws/install/quadcopter_v1/lib/python3.11/site-packages/quadcopter_v1
[1.343s] byte-compiling /Users/jakobc/Documents/GitHub/Drone/Software/ros2_ws/install/quadcopter_v1/lib/python3.11/site-packages/quadcopter_v1/sensor_reader.py to sensor_reader.cpython-311.pyc
[1.344s] byte-compiling /Users/jakobc/Documents/GitHub/Drone/Software/ros2_ws/install/quadcopter_v1/lib/python3.11/site-packages/quadcopter_v1/sensor_debug.py to sensor_debug.cpython-311.pyc
[1.345s] running install_data
[1.346s] copying resource/quadcopter_v1 -> /Users/jakobc/Documents/GitHub/Drone/Software/ros2_ws/install/quadcopter_v1/share/ament_index/resource_index/packages
[1.346s] copying package.xml -> /Users/jakobc/Documents/GitHub/Drone/Software/ros2_ws/install/quadcopter_v1/share/quadcopter_v1
[1.347s] copying models/quadcopter_with_camera.sdf -> /Users/jakobc/Documents/GitHub/Drone/Software/ros2_ws/install/quadcopter_v1/share/quadcopter_v1/models
[1.348s] copying launch/launch.py -> /Users/jakobc/Documents/GitHub/Drone/Software/ros2_ws/install/quadcopter_v1/share/quadcopter_v1/launch
[1.348s] running install_egg_info
[1.365s] removing '/Users/jakobc/Documents/GitHub/Drone/Software/ros2_ws/install/quadcopter_v1/lib/python3.11/site-packages/quadcopter_v1-0.0.0-py3.11.egg-info' (and everything under it)
[1.366s] Copying ../../build/quadcopter_v1/quadcopter_v1.egg-info to /Users/jakobc/Documents/GitHub/Drone/Software/ros2_ws/install/quadcopter_v1/lib/python3.11/site-packages/quadcopter_v1-0.0.0-py3.11.egg-info
[1.369s] running install_scripts
[1.488s] Installing sensor_reader script to /Users/jakobc/Documents/GitHub/Drone/Software/ros2_ws/install/quadcopter_v1/lib/quadcopter_V1
[1.489s] writing list of installed files to '/Users/jakobc/Documents/GitHub/Drone/Software/ros2_ws/build/quadcopter_v1/install.log'
[1.520s] Invoked command in '/Users/jakobc/Documents/GitHub/Drone/Software/ros2_ws/src/quadcopter_v1' returned '0': CONDA_PROMPT_MODIFIER=(ros_env) PYTHONPATH=/Users/jakobc/Documents/GitHub/Drone/Software/ros2_ws/build/quadcopter_v1/prefix_override:/Users/jakobc/miniforge3/envs/ros_env/lib/python3.11/site-packages/colcon_core/task/python/colcon_distutils_commands:/Users/jakobc/Documents/GitHub/Drone/Software/ros2_ws/install/quadcopter_v1/lib/python3.11/site-packages:${PYTHONPATH} SHLVL=2 _=/Users/jakobc/miniforge3/envs/ros_env/bin/env /Users/jakobc/miniforge3/envs/ros_env/bin/python3.11 -W ignore:setup.py install is deprecated setup.py egg_info --egg-base ../../build/quadcopter_v1 build --build-base /Users/jakobc/Documents/GitHub/Drone/Software/ros2_ws/build/quadcopter_v1/build install --record /Users/jakobc/Documents/GitHub/Drone/Software/ros2_ws/build/quadcopter_v1/install.log --single-version-externally-managed install_data
