/Users/jakobc/Documents/GitHub/Drone/Software/ros2_ws/install/quadcopter_v1/lib/python3.11/site-packages/quadcopter_v1/control.py
/Users/jakobc/Documents/GitHub/Drone/Software/ros2_ws/install/quadcopter_v1/lib/python3.11/site-packages/quadcopter_v1/sensor_reader.py
/Users/jakobc/Documents/GitHub/Drone/Software/ros2_ws/install/quadcopter_v1/lib/python3.11/site-packages/quadcopter_v1/__init__.py
/Users/jakobc/Documents/GitHub/Drone/Software/ros2_ws/install/quadcopter_v1/lib/python3.11/site-packages/quadcopter_v1/sensor_debug.py
/Users/jakobc/Documents/GitHub/Drone/Software/ros2_ws/install/quadcopter_v1/lib/python3.11/site-packages/quadcopter_v1/__pycache__/control.cpython-311.pyc
/Users/jakobc/Documents/GitHub/Drone/Software/ros2_ws/install/quadcopter_v1/lib/python3.11/site-packages/quadcopter_v1/__pycache__/sensor_reader.cpython-311.pyc
/Users/jakobc/Documents/GitHub/Drone/Software/ros2_ws/install/quadcopter_v1/lib/python3.11/site-packages/quadcopter_v1/__pycache__/__init__.cpython-311.pyc
/Users/jakobc/Documents/GitHub/Drone/Software/ros2_ws/install/quadcopter_v1/lib/python3.11/site-packages/quadcopter_v1/__pycache__/sensor_debug.cpython-311.pyc
/Users/jakobc/Documents/GitHub/Drone/Software/ros2_ws/install/quadcopter_v1/share/ament_index/resource_index/packages/quadcopter_v1
/Users/jakobc/Documents/GitHub/Drone/Software/ros2_ws/install/quadcopter_v1/share/quadcopter_v1/package.xml
/Users/jakobc/Documents/GitHub/Drone/Software/ros2_ws/install/quadcopter_v1/share/quadcopter_v1/models/quadcopter_with_camera.sdf
/Users/jakobc/Documents/GitHub/Drone/Software/ros2_ws/install/quadcopter_v1/share/quadcopter_v1/launch/launch.py
/Users/jakobc/Documents/GitHub/Drone/Software/ros2_ws/install/quadcopter_v1/lib/python3.11/site-packages/quadcopter_v1-0.0.0-py3.11.egg-info/PKG-INFO
/Users/jakobc/Documents/GitHub/Drone/Software/ros2_ws/install/quadcopter_v1/lib/python3.11/site-packages/quadcopter_v1-0.0.0-py3.11.egg-info/zip-safe
/Users/jakobc/Documents/GitHub/Drone/Software/ros2_ws/install/quadcopter_v1/lib/python3.11/site-packages/quadcopter_v1-0.0.0-py3.11.egg-info/SOURCES.txt
/Users/jakobc/Documents/GitHub/Drone/Software/ros2_ws/install/quadcopter_v1/lib/python3.11/site-packages/quadcopter_v1-0.0.0-py3.11.egg-info/entry_points.txt
/Users/jakobc/Documents/GitHub/Drone/Software/ros2_ws/install/quadcopter_v1/lib/python3.11/site-packages/quadcopter_v1-0.0.0-py3.11.egg-info/requires.txt
/Users/jakobc/Documents/GitHub/Drone/Software/ros2_ws/install/quadcopter_v1/lib/python3.11/site-packages/quadcopter_v1-0.0.0-py3.11.egg-info/top_level.txt
/Users/jakobc/Documents/GitHub/Drone/Software/ros2_ws/install/quadcopter_v1/lib/python3.11/site-packages/quadcopter_v1-0.0.0-py3.11.egg-info/dependency_links.txt
/Users/jakobc/Documents/GitHub/Drone/Software/ros2_ws/install/quadcopter_v1/lib/quadcopter_V1/control
/Users/jakobc/Documents/GitHub/Drone/Software/ros2_ws/install/quadcopter_v1/lib/quadcopter_V1/sensor_reader
