[0.904s] Invoking command in '/Users/jakobc/Documents/GitHub/Drone/Software/ros2_ws/src/quadcopter_v1': CONDA_PROMPT_MODIFIER=(ros_env) PYTHONPATH=/Users/jakobc/Documents/GitHub/Drone/Software/ros2_ws/build/quadcopter_v1/prefix_override:/Users/jakobc/miniforge3/envs/ros_env/lib/python3.11/site-packages/colcon_core/task/python/colcon_distutils_commands:/Users/jakobc/Documents/GitHub/Drone/Software/ros2_ws/install/quadcopter_v1/lib/python3.11/site-packages:${PYTHONPATH} SHLVL=2 _=/Users/jakobc/miniforge3/envs/ros_env/bin/env /Users/jakobc/miniforge3/envs/ros_env/bin/python3.11 -W ignore:setup.py install is deprecated setup.py egg_info --egg-base ../../build/quadcopter_v1 build --build-base /Users/jakobc/Documents/GitHub/Drone/Software/ros2_ws/build/quadcopter_v1/build install --record /Users/jakobc/Documents/GitHub/Drone/Software/ros2_ws/build/quadcopter_v1/install.log --single-version-externally-managed install_data
[1.169s] running egg_info
[1.183s] creating ../../build/quadcopter_v1/quadcopter_v1.egg-info
[1.184s] writing ../../build/quadcopter_v1/quadcopter_v1.egg-info/PKG-INFO
[1.184s] writing dependency_links to ../../build/quadcopter_v1/quadcopter_v1.egg-info/dependency_links.txt
[1.184s] writing entry points to ../../build/quadcopter_v1/quadcopter_v1.egg-info/entry_points.txt
[1.185s] writing requirements to ../../build/quadcopter_v1/quadcopter_v1.egg-info/requires.txt
[1.185s] writing top-level names to ../../build/quadcopter_v1/quadcopter_v1.egg-info/top_level.txt
[1.185s] writing manifest file '../../build/quadcopter_v1/quadcopter_v1.egg-info/SOURCES.txt'
[1.215s] reading manifest file '../../build/quadcopter_v1/quadcopter_v1.egg-info/SOURCES.txt'
[1.216s] writing manifest file '../../build/quadcopter_v1/quadcopter_v1.egg-info/SOURCES.txt'
[1.216s] running build
[1.217s] running build_py
[1.217s] creating /Users/jakobc/Documents/GitHub/Drone/Software/ros2_ws/build/quadcopter_v1/build/lib/quadcopter_v1
[1.217s] copying quadcopter_v1/sensor_reader.py -> /Users/jakobc/Documents/GitHub/Drone/Software/ros2_ws/build/quadcopter_v1/build/lib/quadcopter_v1
[1.217s] copying quadcopter_v1/__init__.py -> /Users/jakobc/Documents/GitHub/Drone/Software/ros2_ws/build/quadcopter_v1/build/lib/quadcopter_v1
[1.218s] running install
[1.223s] running install_lib
[1.239s] creating /Users/jakobc/Documents/GitHub/Drone/Software/ros2_ws/install/quadcopter_v1/lib/python3.11/site-packages/quadcopter_v1
[1.239s] copying /Users/jakobc/Documents/GitHub/Drone/Software/ros2_ws/build/quadcopter_v1/build/lib/quadcopter_v1/sensor_reader.py -> /Users/jakobc/Documents/GitHub/Drone/Software/ros2_ws/install/quadcopter_v1/lib/python3.11/site-packages/quadcopter_v1
[1.239s] copying /Users/jakobc/Documents/GitHub/Drone/Software/ros2_ws/build/quadcopter_v1/build/lib/quadcopter_v1/__init__.py -> /Users/jakobc/Documents/GitHub/Drone/Software/ros2_ws/install/quadcopter_v1/lib/python3.11/site-packages/quadcopter_v1
[1.240s] byte-compiling /Users/jakobc/Documents/GitHub/Drone/Software/ros2_ws/install/quadcopter_v1/lib/python3.11/site-packages/quadcopter_v1/sensor_reader.py to sensor_reader.cpython-311.pyc
[1.241s] byte-compiling /Users/jakobc/Documents/GitHub/Drone/Software/ros2_ws/install/quadcopter_v1/lib/python3.11/site-packages/quadcopter_v1/__init__.py to __init__.cpython-311.pyc
[1.241s] running install_data
[1.241s] creating /Users/jakobc/Documents/GitHub/Drone/Software/ros2_ws/install/quadcopter_v1/share/ament_index/resource_index/packages
[1.242s] copying resource/quadcopter_v1 -> /Users/jakobc/Documents/GitHub/Drone/Software/ros2_ws/install/quadcopter_v1/share/ament_index/resource_index/packages
[1.242s] copying package.xml -> /Users/jakobc/Documents/GitHub/Drone/Software/ros2_ws/install/quadcopter_v1/share/quadcopter_v1
[1.243s] creating /Users/jakobc/Documents/GitHub/Drone/Software/ros2_ws/install/quadcopter_v1/share/quadcopter_v1/models
[1.243s] copying models/quadcopter_with_camera.sdf -> /Users/jakobc/Documents/GitHub/Drone/Software/ros2_ws/install/quadcopter_v1/share/quadcopter_v1/models
[1.243s] creating /Users/jakobc/Documents/GitHub/Drone/Software/ros2_ws/install/quadcopter_v1/share/quadcopter_v1/launch
[1.244s] copying launch/launch.py -> /Users/jakobc/Documents/GitHub/Drone/Software/ros2_ws/install/quadcopter_v1/share/quadcopter_v1/launch
[1.244s] running install_egg_info
[1.263s] Copying ../../build/quadcopter_v1/quadcopter_v1.egg-info to /Users/jakobc/Documents/GitHub/Drone/Software/ros2_ws/install/quadcopter_v1/lib/python3.11/site-packages/quadcopter_v1-0.0.0-py3.11.egg-info
[1.265s] running install_scripts
[1.381s] Installing sensor_reader script to /Users/jakobc/Documents/GitHub/Drone/Software/ros2_ws/install/quadcopter_v1/lib/quadcopter_V1
[1.382s] writing list of installed files to '/Users/jakobc/Documents/GitHub/Drone/Software/ros2_ws/build/quadcopter_v1/install.log'
[1.412s] Invoked command in '/Users/jakobc/Documents/GitHub/Drone/Software/ros2_ws/src/quadcopter_v1' returned '0': CONDA_PROMPT_MODIFIER=(ros_env) PYTHONPATH=/Users/jakobc/Documents/GitHub/Drone/Software/ros2_ws/build/quadcopter_v1/prefix_override:/Users/jakobc/miniforge3/envs/ros_env/lib/python3.11/site-packages/colcon_core/task/python/colcon_distutils_commands:/Users/jakobc/Documents/GitHub/Drone/Software/ros2_ws/install/quadcopter_v1/lib/python3.11/site-packages:${PYTHONPATH} SHLVL=2 _=/Users/jakobc/miniforge3/envs/ros_env/bin/env /Users/jakobc/miniforge3/envs/ros_env/bin/python3.11 -W ignore:setup.py install is deprecated setup.py egg_info --egg-base ../../build/quadcopter_v1 build --build-base /Users/jakobc/Documents/GitHub/Drone/Software/ros2_ws/build/quadcopter_v1/build install --record /Users/jakobc/Documents/GitHub/Drone/Software/ros2_ws/build/quadcopter_v1/install.log --single-version-externally-managed install_data
